<?xml version="1.0" encoding="UTF-8"?>
<testsuite xmlns:xsi="http://www.w3.org/2001/XMLSchema-instance" xsi:noNamespaceSchemaLocation="https://maven.apache.org/surefire/maven-surefire-plugin/xsd/surefire-test-report-3.0.xsd" version="3.0" name="com.sniffer.AppTest" time="0.049" tests="1" errors="0" skipped="0" failures="0">
  <properties>
    <property name="java.specification.version" value="23"/>
    <property name="sun.cpu.isalist" value="amd64"/>
    <property name="sun.jnu.encoding" value="Cp1252"/>
    <property name="java.class.path" value="C:\Users\SHRUTHI T\Desktop\sniffing\NetworkSniffer\target\test-classes;C:\Users\SHRUTHI T\Desktop\sniffing\NetworkSniffer\target\classes;C:\Users\SHRUTHI T\.m2\repository\junit\junit\4.13.2\junit-4.13.2.jar;C:\Users\SHRUTHI T\.m2\repository\org\hamcrest\hamcrest-core\1.3\hamcrest-core-1.3.jar;C:\Users\SHRUTHI T\.m2\repository\org\pcap4j\pcap4j-core\1.8.1\pcap4j-core-1.8.1.jar;C:\Users\SHRUTHI T\.m2\repository\net\java\dev\jna\jna\5.3.1\jna-5.3.1.jar;C:\Users\SHRUTHI T\.m2\repository\org\slf4j\slf4j-api\1.7.26\slf4j-api-1.7.26.jar;C:\Users\SHRUTHI T\.m2\repository\org\pcap4j\pcap4j-packetfactory-static\1.8.1\pcap4j-packetfactory-static-1.8.1.jar;C:\Users\SHRUTHI T\.m2\repository\org\slf4j\slf4j-simple\1.7.36\slf4j-simple-1.7.36.jar;"/>
    <property name="java.vm.vendor" value="Oracle Corporation"/>
    <property name="sun.arch.data.model" value="64"/>
    <property name="user.variant" value=""/>
    <property name="java.vendor.url" value="https://java.oracle.com/"/>
    <property name="user.timezone" value="Asia/Calcutta"/>
    <property name="os.name" value="Windows 11"/>
    <property name="java.vm.specification.version" value="23"/>
    <property name="sun.java.launcher" value="SUN_STANDARD"/>
    <property name="user.country" value="IN"/>
    <property name="sun.boot.library.path" value="C:\Program Files\Java\jdk-23\bin"/>
    <property name="sun.java.command" value="C:\Users\SHRUTHI T\AppData\Local\Temp\surefire4425194391406405900\surefirebooter-20250221092403443_3.jar C:\Users\SHRUTHI T\AppData\Local\Temp\surefire4425194391406405900 2025-02-21T09-24-03_286-jvmRun1 surefire-20250221092403443_1tmp surefire_0-20250221092403443_2tmp"/>
    <property name="jdk.debug" value="release"/>
    <property name="surefire.test.class.path" value="C:\Users\SHRUTHI T\Desktop\sniffing\NetworkSniffer\target\test-classes;C:\Users\SHRUTHI T\Desktop\sniffing\NetworkSniffer\target\classes;C:\Users\SHRUTHI T\.m2\repository\junit\junit\4.13.2\junit-4.13.2.jar;C:\Users\SHRUTHI T\.m2\repository\org\hamcrest\hamcrest-core\1.3\hamcrest-core-1.3.jar;C:\Users\SHRUTHI T\.m2\repository\org\pcap4j\pcap4j-core\1.8.1\pcap4j-core-1.8.1.jar;C:\Users\SHRUTHI T\.m2\repository\net\java\dev\jna\jna\5.3.1\jna-5.3.1.jar;C:\Users\SHRUTHI T\.m2\repository\org\slf4j\slf4j-api\1.7.26\slf4j-api-1.7.26.jar;C:\Users\SHRUTHI T\.m2\repository\org\pcap4j\pcap4j-packetfactory-static\1.8.1\pcap4j-packetfactory-static-1.8.1.jar;C:\Users\SHRUTHI T\.m2\repository\org\slf4j\slf4j-simple\1.7.36\slf4j-simple-1.7.36.jar;"/>
    <property name="sun.cpu.endian" value="little"/>
    <property name="user.home" value="C:\Users\SHRUTHI T"/>
    <property name="user.language" value="en"/>
    <property name="java.specification.vendor" value="Oracle Corporation"/>
    <property name="java.version.date" value="2024-10-15"/>
    <property name="java.home" value="C:\Program Files\Java\jdk-23"/>
    <property name="file.separator" value="\"/>
    <property name="basedir" value="C:\Users\SHRUTHI T\Desktop\sniffing\NetworkSniffer"/>
    <property name="java.vm.compressedOopsMode" value="32-bit"/>
    <property name="line.separator" value="&#10;"/>
    <property name="java.vm.specification.vendor" value="Oracle Corporation"/>
    <property name="java.specification.name" value="Java Platform API Specification"/>
    <property name="surefire.real.class.path" value="C:\Users\SHRUTHI T\AppData\Local\Temp\surefire4425194391406405900\surefirebooter-20250221092403443_3.jar"/>
    <property name="user.script" value=""/>
    <property name="sun.management.compiler" value="HotSpot 64-Bit Tiered Compilers"/>
    <property name="java.runtime.version" value="23.0.1+11-39"/>
    <property name="user.name" value="SHRUTHI T"/>
    <property name="stdout.encoding" value="Cp1252"/>
    <property name="path.separator" value=";"/>
    <property name="os.version" value="10.0"/>
    <property name="java.runtime.name" value="Java(TM) SE Runtime Environment"/>
    <property name="file.encoding" value="UTF-8"/>
    <property name="java.vm.name" value="Java HotSpot(TM) 64-Bit Server VM"/>
    <property name="localRepository" value="C:\Users\SHRUTHI T\.m2\repository"/>
    <property name="java.vendor.url.bug" value="https://bugreport.java.com/bugreport/"/>
    <property name="java.io.tmpdir" value="C:\Users\SHRUTH~1\AppData\Local\Temp\"/>
    <property name="java.version" value="23.0.1"/>
    <property name="user.dir" value="C:\Users\SHRUTHI T\Desktop\sniffing\NetworkSniffer"/>
    <property name="os.arch" value="amd64"/>
    <property name="java.vm.specification.name" value="Java Virtual Machine Specification"/>
    <property name="sun.os.patch.level" value=""/>
    <property name="native.encoding" value="Cp1252"/>
    <property name="java.library.path" value="C:\Program Files\Java\jdk-23\bin;C:\WINDOWS\Sun\Java\bin;C:\WINDOWS\system32;C:\WINDOWS;C:\Program Files\Common Files\Oracle\Java\javapath;C:\WINDOWS\system32;C:\WINDOWS;C:\WINDOWS\System32\Wbem;C:\WINDOWS\System32\WindowsPowerShell\v1.0\;C:\WINDOWS\System32\OpenSSH\;C:\Program Files\Git\cmd;C:\Program Files\Java\jdk-23\bin;C:\Program Files\nodejs\;C:\Users\SHRUTHI T\Desktop\apache-maven-3.9.9\bin;C:\Users\SHRUTHI T\AppData\Local\Programs\Eclipse Adoptium\jdk-21.0.6.7-hotspot\bin;C:\Program Files\MySQL\MySQL Shell 8.0\bin\;C:\Users\SHRUTHI T\AppData\Local\Programs\Python\Python312\Scripts\;C:\Users\SHRUTHI T\AppData\Local\Programs\Python\Python312\;C:\Users\SHRUTHI T\AppData\Local\Microsoft\WindowsApps;C:\Users\SHRUTHI T\AppData\Local\Programs\Microsoft VS Code\bin;C:\Users\SHRUTHI T\AppData\Roaming\npm;."/>
    <property name="java.vm.info" value="mixed mode, sharing"/>
    <property name="stderr.encoding" value="Cp1252"/>
    <property name="java.vendor" value="Oracle Corporation"/>
    <property name="java.vm.version" value="23.0.1+11-39"/>
    <property name="sun.io.unicode.encoding" value="UnicodeLittle"/>
    <property name="java.class.version" value="67.0"/>
  </properties>
  <testcase name="testApp" classname="com.sniffer.AppTest" time="0.009"/>
</testsuite>